Timestamp: 2024-11-12 15:37:01
===========================================================
=== Process Memory Info ===
| PID      | Name                 | RSS (MB)   | VMS (MB)   | Private (MB) | USS (MB)   |
-----------------------------------------------------------
| 1260268  | grpc_example         | 18.07      | 616.81     | 17.68      | 2.71       |
Timestamp: 2024-11-12 15:38:02
===========================================================
=== Process Memory Info ===
| PID      | Name                 | RSS (MB)   | VMS (MB)   | Private (MB) | USS (MB)   |
-----------------------------------------------------------
| 1260268  | grpc_example         | 18.07      | 616.81     | 17.68      | 2.71       |
Timestamp: 2024-11-12 15:39:03
===========================================================
=== Process Memory Info ===
| PID      | Name                 | RSS (MB)   | VMS (MB)   | Private (MB) | USS (MB)   |
-----------------------------------------------------------
| 1260268  | grpc_example         | 18.07      | 616.81     | 17.68      | 2.71       |
Timestamp: 2024-11-12 15:40:04
===========================================================
=== Process Memory Info ===
| PID      | Name                 | RSS (MB)   | VMS (MB)   | Private (MB) | USS (MB)   |
-----------------------------------------------------------
| 1260268  | grpc_example         | 18.07      | 616.81     | 17.68      | 2.71       |
Timestamp: 2024-11-12 15:41:04
===========================================================
=== Process Memory Info ===
| PID      | Name                 | RSS (MB)   | VMS (MB)   | Private (MB) | USS (MB)   |
-----------------------------------------------------------
| 1260268  | grpc_example         | 18.07      | 616.81     | 17.68      | 2.71       |
Timestamp: 2024-11-12 15:42:05
===========================================================
=== Process Memory Info ===
| PID      | Name                 | RSS (MB)   | VMS (MB)   | Private (MB) | USS (MB)   |
-----------------------------------------------------------
| 1260268  | grpc_example         | 18.07      | 616.81     | 17.68      | 2.71       |
Timestamp: 2024-11-12 15:43:06
===========================================================
=== Process Memory Info ===
| PID      | Name                 | RSS (MB)   | VMS (MB)   | Private (MB) | USS (MB)   |
-----------------------------------------------------------
| 1260268  | grpc_example         | 18.07      | 616.81     | 17.68      | 2.71       |
Timestamp: 2024-11-12 15:44:07
===========================================================
=== Process Memory Info ===
| PID      | Name                 | RSS (MB)   | VMS (MB)   | Private (MB) | USS (MB)   |
-----------------------------------------------------------
| 1260268  | grpc_example         | 18.07      | 616.81     | 17.68      | 2.71       |
Timestamp: 2024-11-12 15:45:07
===========================================================
=== Process Memory Info ===
| PID      | Name                 | RSS (MB)   | VMS (MB)   | Private (MB) | USS (MB)   |
-----------------------------------------------------------
| 1260268  | grpc_example         | 18.07      | 616.81     | 17.68      | 2.71       |
Timestamp: 2024-11-12 15:46:08
===========================================================
=== Process Memory Info ===
| PID      | Name                 | RSS (MB)   | VMS (MB)   | Private (MB) | USS (MB)   |
-----------------------------------------------------------
| 1260268  | grpc_example         | 18.07      | 616.81     | 17.68      | 2.71       |
Timestamp: 2024-11-12 15:47:09
===========================================================
=== Process Memory Info ===
| PID      | Name                 | RSS (MB)   | VMS (MB)   | Private (MB) | USS (MB)   |
-----------------------------------------------------------
| 1260268  | grpc_example         | 18.07      | 680.81     | 19.02      | 2.95       |
Timestamp: 2024-11-12 15:48:10
===========================================================
=== Process Memory Info ===
| PID      | Name                 | RSS (MB)   | VMS (MB)   | Private (MB) | USS (MB)   |
-----------------------------------------------------------
| 1260268  | grpc_example         | 20.50      | 680.93     | 19.98      | 2.95       |
Timestamp: 2024-11-12 15:49:11
===========================================================
=== Process Memory Info ===
| PID      | Name                 | RSS (MB)   | VMS (MB)   | Private (MB) | USS (MB)   |
-----------------------------------------------------------
| 1260268  | grpc_example         | 21.28      | 681.00     | 20.96      | 2.95       |
Timestamp: 2024-11-12 15:50:11
===========================================================
=== Process Memory Info ===
| PID      | Name                 | RSS (MB)   | VMS (MB)   | Private (MB) | USS (MB)   |
-----------------------------------------------------------
| 1260268  | grpc_example         | 22.30      | 681.06     | 21.95      | 2.95       |
Timestamp: 2024-11-12 15:51:12
===========================================================
=== Process Memory Info ===
| PID      | Name                 | RSS (MB)   | VMS (MB)   | Private (MB) | USS (MB)   |
-----------------------------------------------------------
| 1260268  | grpc_example         | 22.82      | 681.18     | 22.87      | 2.95       |
Timestamp: 2024-11-12 15:52:13
===========================================================
=== Process Memory Info ===
| PID      | Name                 | RSS (MB)   | VMS (MB)   | Private (MB) | USS (MB)   |
-----------------------------------------------------------
| 1260268  | grpc_example         | 23.59      | 681.25     | 23.80      | 2.95       |
Timestamp: 2024-11-12 15:53:14
===========================================================
=== Process Memory Info ===
| PID      | Name                 | RSS (MB)   | VMS (MB)   | Private (MB) | USS (MB)   |
-----------------------------------------------------------
| 1260268  | grpc_example         | 25.14      | 681.37     | 24.75      | 2.95       |
Timestamp: 2024-11-12 15:54:14
===========================================================
=== Process Memory Info ===
| PID      | Name                 | RSS (MB)   | VMS (MB)   | Private (MB) | USS (MB)   |
-----------------------------------------------------------
| 1260268  | grpc_example         | 25.66      | 681.43     | 25.65      | 2.95       |
Timestamp: 2024-11-12 15:55:15
===========================================================
=== Process Memory Info ===
| PID      | Name                 | RSS (MB)   | VMS (MB)   | Private (MB) | USS (MB)   |
-----------------------------------------------------------
| 1260268  | grpc_example         | 26.69      | 681.50     | 26.56      | 2.95       |
Timestamp: 2024-11-12 15:56:16
===========================================================
=== Process Memory Info ===
| PID      | Name                 | RSS (MB)   | VMS (MB)   | Private (MB) | USS (MB)   |
-----------------------------------------------------------
| 1260268  | grpc_example         | 27.72      | 681.56     | 27.48      | 2.95       |
Timestamp: 2024-11-12 15:57:17
===========================================================
=== Process Memory Info ===
| PID      | Name                 | RSS (MB)   | VMS (MB)   | Private (MB) | USS (MB)   |
-----------------------------------------------------------
| 1260268  | grpc_example         | 28.49      | 681.68     | 28.40      | 2.95       |
Timestamp: 2024-11-12 15:58:17
===========================================================
=== Process Memory Info ===
| PID      | Name                 | RSS (MB)   | VMS (MB)   | Private (MB) | USS (MB)   |
-----------------------------------------------------------
| 1260268  | grpc_example         | 29.52      | 681.75     | 29.30      | 2.95       |
Timestamp: 2024-11-12 15:59:18
===========================================================
=== Process Memory Info ===
| PID      | Name                 | RSS (MB)   | VMS (MB)   | Private (MB) | USS (MB)   |
-----------------------------------------------------------
| 1260268  | grpc_example         | 30.55      | 681.81     | 30.21      | 2.95       |
Timestamp: 2024-11-12 16:00:19
===========================================================
=== Process Memory Info ===
| PID      | Name                 | RSS (MB)   | VMS (MB)   | Private (MB) | USS (MB)   |
-----------------------------------------------------------
| 1260268  | grpc_example         | 31.33      | 681.93     | 31.16      | 2.95       |
Timestamp: 2024-11-12 16:01:20
===========================================================
=== Process Memory Info ===
| PID      | Name                 | RSS (MB)   | VMS (MB)   | Private (MB) | USS (MB)   |
-----------------------------------------------------------
| 1260268  | grpc_example         | 32.10      | 682.00     | 32.04      | 2.95       |
Timestamp: 2024-11-12 16:02:21
===========================================================
=== Process Memory Info ===
| PID      | Name                 | RSS (MB)   | VMS (MB)   | Private (MB) | USS (MB)   |
-----------------------------------------------------------
| 1260268  | grpc_example         | 32.88      | 682.06     | 32.96      | 2.95       |
Timestamp: 2024-11-12 16:03:21
===========================================================
=== Process Memory Info ===
| PID      | Name                 | RSS (MB)   | VMS (MB)   | Private (MB) | USS (MB)   |
-----------------------------------------------------------
| 1260268  | grpc_example         | 33.91      | 682.12     | 33.88      | 2.95       |
Timestamp: 2024-11-12 16:04:22
===========================================================
=== Process Memory Info ===
| PID      | Name                 | RSS (MB)   | VMS (MB)   | Private (MB) | USS (MB)   |
-----------------------------------------------------------
| 1260268  | grpc_example         | 34.94      | 682.25     | 34.80      | 2.95       |
